c:\users\alexm\desktop\repos\vulkanengine\vulkanengine\x64\debug\vc143.pdb
c:\users\alexm\desktop\repos\vulkanengine\vulkanengine\x64\debug\vc143.idb
c:\users\alexm\desktop\repos\vulkanengine\vulkanengine\x64\debug\main.obj
c:\users\alexm\desktop\repos\vulkanengine\x64\debug\vulkanengine.pdb
c:\users\alexm\desktop\repos\vulkanengine\vulkanengine\x64\debug\vulkanengine.tlog\cl.command.1.tlog
c:\users\alexm\desktop\repos\vulkanengine\vulkanengine\x64\debug\vulkanengine.tlog\cl.read.1.tlog
c:\users\alexm\desktop\repos\vulkanengine\vulkanengine\x64\debug\vulkanengine.tlog\cl.write.1.tlog
c:\users\alexm\desktop\repos\vulkanengine\vulkanengine\x64\debug\vulkanengine.tlog\link-cvtres.read.1.tlog
c:\users\alexm\desktop\repos\vulkanengine\vulkanengine\x64\debug\vulkanengine.tlog\link-cvtres.write.1.tlog
c:\users\alexm\desktop\repos\vulkanengine\vulkanengine\x64\debug\vulkanengine.tlog\link-rc.read.1.tlog
c:\users\alexm\desktop\repos\vulkanengine\vulkanengine\x64\debug\vulkanengine.tlog\link-rc.write.1.tlog
c:\users\alexm\desktop\repos\vulkanengine\vulkanengine\x64\debug\vulkanengine.tlog\link.9880-cvtres.read.1.tlog
c:\users\alexm\desktop\repos\vulkanengine\vulkanengine\x64\debug\vulkanengine.tlog\link.9880-cvtres.write.1.tlog
c:\users\alexm\desktop\repos\vulkanengine\vulkanengine\x64\debug\vulkanengine.tlog\link.9880-rc.read.1.tlog
c:\users\alexm\desktop\repos\vulkanengine\vulkanengine\x64\debug\vulkanengine.tlog\link.9880-rc.write.1.tlog
c:\users\alexm\desktop\repos\vulkanengine\vulkanengine\x64\debug\vulkanengine.tlog\link.9880.read.1.tlog
c:\users\alexm\desktop\repos\vulkanengine\vulkanengine\x64\debug\vulkanengine.tlog\link.9880.read.2.tlog
c:\users\alexm\desktop\repos\vulkanengine\vulkanengine\x64\debug\vulkanengine.tlog\link.9880.write.1.tlog
c:\users\alexm\desktop\repos\vulkanengine\vulkanengine\x64\debug\vulkanengine.tlog\link.command.1.tlog
c:\users\alexm\desktop\repos\vulkanengine\vulkanengine\x64\debug\vulkanengine.tlog\link.read.1.tlog
c:\users\alexm\desktop\repos\vulkanengine\vulkanengine\x64\debug\vulkanengine.tlog\link.read.2.tlog
c:\users\alexm\desktop\repos\vulkanengine\vulkanengine\x64\debug\vulkanengine.tlog\link.write.1.tlog
